<<<<<<< HEAD
c:\users\dev\desktop\methods-in-software-engineering-final-master\textbox\debug\textbox.pdb
c:\users\dev\desktop\methods-in-software-engineering-final-master\textbox\debug\textbox.idb
c:\users\dev\desktop\methods-in-software-engineering-final-master\textbox\debug\textbox.obj
c:\users\dev\desktop\methods-in-software-engineering-final-master\debug\textbox.lib
c:\users\dev\desktop\methods-in-software-engineering-final-master\debug\textbox.pdb
c:\users\dev\desktop\methods-in-software-engineering-final-master\textbox\debug\textbox.tlog\cl.command.1.tlog
c:\users\dev\desktop\methods-in-software-engineering-final-master\textbox\debug\textbox.tlog\cl.read.1.tlog
c:\users\dev\desktop\methods-in-software-engineering-final-master\textbox\debug\textbox.tlog\cl.write.1.tlog
c:\users\dev\desktop\methods-in-software-engineering-final-master\textbox\debug\textbox.tlog\lib-link.read.1.tlog
c:\users\dev\desktop\methods-in-software-engineering-final-master\textbox\debug\textbox.tlog\lib-link.write.1.tlog
c:\users\dev\desktop\methods-in-software-engineering-final-master\textbox\debug\textbox.tlog\lib.command.1.tlog
=======
c:\users\or amit\documents\visual studio 2015\softwareengdima\textbox\debug\textbox.pdb
c:\users\or amit\documents\visual studio 2015\softwareengdima\textbox\debug\textbox.idb
c:\users\or amit\documents\visual studio 2015\softwareengdima\textbox\debug\textbox.obj
c:\users\or amit\documents\visual studio 2015\softwareengdima\debug\textbox.lib
c:\users\or amit\documents\visual studio 2015\softwareengdima\debug\textbox.pdb
c:\users\or amit\documents\visual studio 2015\softwareengdima\textbox\debug\textbox.tlog\cl.command.1.tlog
c:\users\or amit\documents\visual studio 2015\softwareengdima\textbox\debug\textbox.tlog\cl.read.1.tlog
c:\users\or amit\documents\visual studio 2015\softwareengdima\textbox\debug\textbox.tlog\cl.write.1.tlog
c:\users\or amit\documents\visual studio 2015\softwareengdima\textbox\debug\textbox.tlog\lib-link.read.1.tlog
c:\users\or amit\documents\visual studio 2015\softwareengdima\textbox\debug\textbox.tlog\lib-link.write.1.tlog
c:\users\or amit\documents\visual studio 2015\softwareengdima\textbox\debug\textbox.tlog\lib.command.1.tlog
>>>>>>> d9b1bcf2e745e7573b4ba23f428e48e86b21f68c
