  Source.cpp
c:\users\or amit\documents\visual studio 2015\softwareengdima\softwareeng\control.h(30): error C2535: 'Control &Control::getFocus(void)': member function already defined or declared
  c:\users\or amit\documents\visual studio 2015\softwareengdima\softwareeng\control.h(23): note: see declaration of 'Control::getFocus'
  Graphics.cpp
c:\users\or amit\documents\visual studio 2015\softwareengdima\softwareeng\graphics.cpp(97): warning C4244: 'argument': conversion from 'DWORD' to 'WORD', possible loss of data
  EventEngine.cpp
c:\users\or amit\documents\visual studio 2015\softwareengdima\softwareeng\control.h(30): error C2535: 'Control &Control::getFocus(void)': member function already defined or declared
  c:\users\or amit\documents\visual studio 2015\softwareengdima\softwareeng\control.h(23): note: see declaration of 'Control::getFocus'
c:\users\or amit\documents\visual studio 2015\softwareengdima\softwareeng\eventengine.cpp(31): error C2678: binary '!=': no operator found which takes a left-hand operand of type 'Control' (or there is no acceptable conversion)
  c:\program files (x86)\windows kits\8.1\include\shared\guiddef.h(197): note: could be 'bool operator !=(const GUID &,const GUID &)'
  c:\program files (x86)\microsoft visual studio 14.0\vc\include\system_error(409): note: or       'bool std::operator !=(const std::error_condition &,const std::error_condition &) noexcept'
  c:\program files (x86)\microsoft visual studio 14.0\vc\include\system_error(402): note: or       'bool std::operator !=(const std::error_condition &,const std::error_code &) noexcept'
  c:\program files (x86)\microsoft visual studio 14.0\vc\include\system_error(395): note: or       'bool std::operator !=(const std::error_code &,const std::error_condition &) noexcept'
  c:\program files (x86)\microsoft visual studio 14.0\vc\include\system_error(388): note: or       'bool std::operator !=(const std::error_code &,const std::error_code &) noexcept'
  c:\program files (x86)\microsoft visual studio 14.0\vc\include\exception(353): note: or       'bool std::operator !=(const std::exception_ptr &,std::nullptr_t) throw()'
  c:\program files (x86)\microsoft visual studio 14.0\vc\include\exception(348): note: or       'bool std::operator !=(std::nullptr_t,const std::exception_ptr &) throw()'
  c:\program files (x86)\microsoft visual studio 14.0\vc\include\exception(343): note: or       'bool std::operator !=(const std::exception_ptr &,const std::exception_ptr &) throw()'
  c:\users\or amit\documents\visual studio 2015\softwareengdima\softwareeng\eventengine.cpp(31): note: while trying to match the argument list '(Control, nullptr)'
c:\users\or amit\documents\visual studio 2015\softwareengdima\softwareeng\eventengine.cpp(36): error C2664: 'void EventEngine::moveFocus(Control &,Control *)': cannot convert argument 2 from 'Control' to 'Control *'
  c:\users\or amit\documents\visual studio 2015\softwareengdima\softwareeng\eventengine.cpp(36): note: No user-defined-conversion operator available that can perform this conversion, or the operator cannot be called
c:\users\or amit\documents\visual studio 2015\softwareengdima\softwareeng\eventengine.cpp(38): error C2819: type 'Control' does not have an overloaded member 'operator ->'
  c:\users\or amit\documents\visual studio 2015\softwareengdima\softwareeng\control.h(12): note: see declaration of 'Control'
  c:\users\or amit\documents\visual studio 2015\softwareengdima\softwareeng\eventengine.cpp(38): note: did you intend to use '.' instead?
c:\users\or amit\documents\visual studio 2015\softwareengdima\softwareeng\eventengine.cpp(38): error C2039: 'keyDown': is not a member of 'Control'
  c:\users\or amit\documents\visual studio 2015\softwareengdima\softwareeng\control.h(12): note: see declaration of 'Control'
c:\users\or amit\documents\visual studio 2015\softwareengdima\softwareeng\eventengine.cpp(51): error C2660: 'Control::mousePressed': function does not take 3 arguments
  Control.cpp
c:\users\or amit\documents\visual studio 2015\softwareengdima\softwareeng\control.h(30): error C2535: 'Control &Control::getFocus(void)': member function already defined or declared
  c:\users\or amit\documents\visual studio 2015\softwareengdima\softwareeng\control.h(23): note: see declaration of 'Control::getFocus'
  Generating Code...
