<<<<<<< HEAD
c:\users\dev\desktop\methods-in-software-engineering-final-master\softwareeng\debug\vc140.pdb
c:\users\dev\desktop\methods-in-software-engineering-final-master\softwareeng\debug\vc140.idb
c:\users\dev\desktop\methods-in-software-engineering-final-master\softwareeng\debug\control.obj
c:\users\dev\desktop\methods-in-software-engineering-final-master\softwareeng\debug\eventengine.obj
c:\users\dev\desktop\methods-in-software-engineering-final-master\softwareeng\debug\graphics.obj
c:\users\dev\desktop\methods-in-software-engineering-final-master\softwareeng\debug\source.obj
c:\users\dev\desktop\methods-in-software-engineering-final-master\softwareeng\debug\softwareeng.tlog\cl.command.1.tlog
c:\users\dev\desktop\methods-in-software-engineering-final-master\softwareeng\debug\softwareeng.tlog\cl.read.1.tlog
c:\users\dev\desktop\methods-in-software-engineering-final-master\softwareeng\debug\softwareeng.tlog\cl.write.1.tlog
c:\users\dev\desktop\methods-in-software-engineering-final-master\softwareeng\debug\softwareeng.tlog\link.command.1.tlog
c:\users\dev\desktop\methods-in-software-engineering-final-master\softwareeng\debug\softwareeng.tlog\link.read.1.tlog
c:\users\dev\desktop\methods-in-software-engineering-final-master\softwareeng\debug\softwareeng.tlog\link.write.1.tlog
=======
c:\users\or amit\documents\visual studio 2015\softwareengdima\softwareeng\debug\vc140.pdb
c:\users\or amit\documents\visual studio 2015\softwareengdima\softwareeng\debug\vc140.idb
c:\users\or amit\documents\visual studio 2015\softwareengdima\softwareeng\debug\control.obj
c:\users\or amit\documents\visual studio 2015\softwareengdima\softwareeng\debug\graphics.obj
c:\users\or amit\documents\visual studio 2015\softwareengdima\softwareeng\debug\source.obj
c:\users\or amit\documents\visual studio 2015\softwareengdima\softwareeng\debug\eventengine.obj
c:\users\or amit\documents\visual studio 2015\softwareengdima\debug\softwareeng.ilk
c:\users\or amit\documents\visual studio 2015\softwareengdima\debug\softwareeng.exe
c:\users\or amit\documents\visual studio 2015\softwareengdima\debug\softwareeng.pdb
c:\users\or amit\documents\visual studio 2015\softwareengdima\softwareeng\debug\softwareeng.vcxprojresolveassemblyreference.cache
c:\users\or amit\documents\visual studio 2015\softwareengdima\softwareeng\debug\softwareeng.tlog\cl.command.1.tlog
c:\users\or amit\documents\visual studio 2015\softwareengdima\softwareeng\debug\softwareeng.tlog\cl.read.1.tlog
c:\users\or amit\documents\visual studio 2015\softwareengdima\softwareeng\debug\softwareeng.tlog\cl.write.1.tlog
c:\users\or amit\documents\visual studio 2015\softwareengdima\softwareeng\debug\softwareeng.tlog\link.command.1.tlog
c:\users\or amit\documents\visual studio 2015\softwareengdima\softwareeng\debug\softwareeng.tlog\link.read.1.tlog
c:\users\or amit\documents\visual studio 2015\softwareengdima\softwareeng\debug\softwareeng.tlog\link.write.1.tlog
>>>>>>> d9b1bcf2e745e7573b4ba23f428e48e86b21f68c
