<<<<<<< HEAD
c:\users\dev\desktop\methods-in-software-engineering-final-master\label\debug\label.pdb
c:\users\dev\desktop\methods-in-software-engineering-final-master\label\debug\label.idb
c:\users\dev\desktop\methods-in-software-engineering-final-master\label\debug\label.obj
c:\users\dev\desktop\methods-in-software-engineering-final-master\debug\label.lib
c:\users\dev\desktop\methods-in-software-engineering-final-master\debug\label.pdb
c:\users\dev\desktop\methods-in-software-engineering-final-master\label\debug\label.tlog\cl.command.1.tlog
c:\users\dev\desktop\methods-in-software-engineering-final-master\label\debug\label.tlog\cl.read.1.tlog
c:\users\dev\desktop\methods-in-software-engineering-final-master\label\debug\label.tlog\cl.write.1.tlog
c:\users\dev\desktop\methods-in-software-engineering-final-master\label\debug\label.tlog\lib-link.read.1.tlog
c:\users\dev\desktop\methods-in-software-engineering-final-master\label\debug\label.tlog\lib-link.write.1.tlog
c:\users\dev\desktop\methods-in-software-engineering-final-master\label\debug\label.tlog\lib.command.1.tlog
=======
c:\users\or amit\documents\visual studio 2015\softwareengdima\label\debug\label.pdb
c:\users\or amit\documents\visual studio 2015\softwareengdima\label\debug\label.idb
c:\users\or amit\documents\visual studio 2015\softwareengdima\label\debug\label.obj
c:\users\or amit\documents\visual studio 2015\softwareengdima\debug\label.lib
c:\users\or amit\documents\visual studio 2015\softwareengdima\debug\label.pdb
c:\users\or amit\documents\visual studio 2015\softwareengdima\label\debug\label.tlog\cl.command.1.tlog
c:\users\or amit\documents\visual studio 2015\softwareengdima\label\debug\label.tlog\cl.read.1.tlog
c:\users\or amit\documents\visual studio 2015\softwareengdima\label\debug\label.tlog\cl.write.1.tlog
c:\users\or amit\documents\visual studio 2015\softwareengdima\label\debug\label.tlog\lib-link.read.1.tlog
c:\users\or amit\documents\visual studio 2015\softwareengdima\label\debug\label.tlog\lib-link.write.1.tlog
c:\users\or amit\documents\visual studio 2015\softwareengdima\label\debug\label.tlog\lib.command.1.tlog
>>>>>>> d9b1bcf2e745e7573b4ba23f428e48e86b21f68c
